[1228/152907.254:ERROR:process_memory_win.cc(73)] ReadMemory at 0x7ff770ee0000 of 64 bytes failed: Only part of a ReadProcessMemory or WriteProcessMemory request was completed. (0x12B)
[1228/152907.255:WARNING:pe_image_reader.cc(340)] could not read dos header from C:\Program Files (x86)\Google\Chrome\Application\chrome.exe
[1228/152907.255:ERROR:process_memory_win.cc(73)] ReadMemory at 0x7ffcdea60000 of 64 bytes failed: Only part of a ReadProcessMemory or WriteProcessMemory request was completed. (0x12B)
[1228/152907.255:WARNING:pe_image_reader.cc(340)] could not read dos header from C:\WINDOWS\SYSTEM32\ntdll.dll
[1228/152907.256:ERROR:process_memory_win.cc(73)] ReadMemory at 0x7ffcde500000 of 64 bytes failed: Only part of a ReadProcessMemory or WriteProcessMemory request was completed. (0x12B)
[1228/152907.256:WARNING:pe_image_reader.cc(340)] could not read dos header from C:\WINDOWS\System32\KERNEL32.DLL
[1228/152907.256:ERROR:process_memory_win.cc(73)] ReadMemory at 0x7ffcdab20000 of 64 bytes failed: Only part of a ReadProcessMemory or WriteProcessMemory request was completed. (0x12B)
[1228/152907.256:WARNING:pe_image_reader.cc(340)] could not read dos header from C:\WINDOWS\System32\KERNELBASE.dll
[1228/152907.256:ERROR:process_memory_win.cc(73)] ReadMemory at 0x7ffca6990000 of 64 bytes failed: Only part of a ReadProcessMemory or WriteProcessMemory request was completed. (0x12B)
[1228/152907.256:WARNING:pe_image_reader.cc(340)] could not read dos header from C:\Program Files (x86)\Google\Chrome\Application\79.0.3945.88\chrome_elf.dll
[1228/152907.256:ERROR:process_memory_win.cc(73)] ReadMemory at 0x7ffcd13d0000 of 64 bytes failed: Only part of a ReadProcessMemory or WriteProcessMemory request was completed. (0x12B)
[1228/152907.256:WARNING:pe_image_reader.cc(340)] could not read dos header from C:\WINDOWS\SYSTEM32\VERSION.dll
[1228/152907.256:ERROR:process_memory_win.cc(73)] ReadMemory at 0x7ffcdbde0000 of 64 bytes failed: Only part of a ReadProcessMemory or WriteProcessMemory request was completed. (0x12B)
[1228/152907.256:WARNING:pe_image_reader.cc(340)] could not read dos header from C:\WINDOWS\System32\msvcrt.dll
[1228/152907.256:ERROR:process_memory_win.cc(73)] ReadMemory at 0x7ffcdbb50000 of 64 bytes failed: Only part of a ReadProcessMemory or WriteProcessMemory request was completed. (0x12B)
[1228/152907.256:WARNING:pe_image_reader.cc(340)] could not read dos header from C:\WINDOWS\System32\bcryptPrimitives.dll
[1228/152907.256:ERROR:process_memory_win.cc(73)] ReadMemory at 0x7ffcdbd30000 of 64 bytes failed: Only part of a ReadProcessMemory or WriteProcessMemory request was completed. (0x12B)
[1228/152907.256:WARNING:pe_image_reader.cc(340)] could not read dos header from C:\WINDOWS\System32\ADVAPI32.dll
[1228/152907.256:ERROR:process_memory_win.cc(73)] ReadMemory at 0x7ffcde860000 of 64 bytes failed: Only part of a ReadProcessMemory or WriteProcessMemory request was completed. (0x12B)
[1228/152907.256:WARNING:pe_image_reader.cc(340)] could not read dos header from C:\WINDOWS\System32\sechost.dll
[1228/152907.256:ERROR:process_memory_win.cc(73)] ReadMemory at 0x7ffcde900000 of 64 bytes failed: Only part of a ReadProcessMemory or WriteProcessMemory request was completed. (0x12B)
[1228/152907.256:WARNING:pe_image_reader.cc(340)] could not read dos header from C:\WINDOWS\System32\RPCRT4.dll
[1228/152907.256:ERROR:process_memory_win.cc(73)] ReadMemory at 0x7ffc7b5a0000 of 64 bytes failed: Only part of a ReadProcessMemory or WriteProcessMemory request was completed. (0x12B)
[1228/152907.256:WARNING:pe_image_reader.cc(340)] could not read dos header from C:\Program Files (x86)\Google\Chrome\Application\79.0.3945.88\chrome_child.dll
[1228/152907.257:ERROR:process_memory_win.cc(73)] ReadMemory at 0x7ffcde270000 of 64 bytes failed: Only part of a ReadProcessMemory or WriteProcessMemory request was completed. (0x12B)
[1228/152907.257:WARNING:pe_image_reader.cc(340)] could not read dos header from C:\WINDOWS\System32\OLEAUT32.dll
[1228/152907.257:ERROR:process_memory_win.cc(73)] ReadMemory at 0x7ffcdadc0000 of 64 bytes failed: Only part of a ReadProcessMemory or WriteProcessMemory request was completed. (0x12B)
[1228/152907.257:WARNING:pe_image_reader.cc(340)] could not read dos header from C:\WINDOWS\System32\msvcp_win.dll
[1228/152907.257:ERROR:process_memory_win.cc(73)] ReadMemory at 0x7ffcdb8b0000 of 64 bytes failed: Only part of a ReadProcessMemory or WriteProcessMemory request was completed. (0x12B)
[1228/152907.257:WARNING:pe_image_reader.cc(340)] could not read dos header from C:\WINDOWS\System32\ucrtbase.dll
[1228/152907.257:ERROR:process_memory_win.cc(73)] ReadMemory at 0x7ffcdc6a0000 of 64 bytes failed: Only part of a ReadProcessMemory or WriteProcessMemory request was completed. (0x12B)
[1228/152907.257:WARNING:pe_image_reader.cc(340)] could not read dos header from C:\WINDOWS\System32\combase.dll
[1228/152907.257:ERROR:process_memory_win.cc(73)] ReadMemory at 0x7ffcdbe80000 of 64 bytes failed: Only part of a ReadProcessMemory or WriteProcessMemory request was completed. (0x12B)
[1228/152907.257:WARNING:pe_image_reader.cc(340)] could not read dos header from C:\WINDOWS\System32\WS2_32.dll
[1228/152907.257:ERROR:process_memory_win.cc(73)] ReadMemory at 0x7ffcdae60000 of 64 bytes failed: Only part of a ReadProcessMemory or WriteProcessMemory request was completed. (0x12B)
[1228/152907.257:WARNING:pe_image_reader.cc(340)] could not read dos header from C:\WINDOWS\System32\WINTRUST.dll
[1228/152907.257:ERROR:process_memory_win.cc(73)] ReadMemory at 0x7ffcdaab0000 of 64 bytes failed: Only part of a ReadProcessMemory or WriteProcessMemory request was completed. (0x12B)
[1228/152907.257:WARNING:pe_image_reader.cc(340)] could not read dos header from C:\WINDOWS\System32\MSASN1.dll
[1228/152907.257:ERROR:process_memory_win.cc(73)] ReadMemory at 0x7ffcdb680000 of 64 bytes failed: Only part of a ReadProcessMemory or WriteProcessMemory request was completed. (0x12B)
[1228/152907.257:WARNING:pe_image_reader.cc(340)] could not read dos header from C:\WINDOWS\System32\CRYPT32.dll
[1228/152907.257:ERROR:process_memory_win.cc(73)] ReadMemory at 0x7ffcd9f80000 of 64 bytes failed: Only part of a ReadProcessMemory or WriteProcessMemory request was completed. (0x12B)
[1228/152907.257:WARNING:pe_image_reader.cc(340)] could not read dos header from C:\WINDOWS\SYSTEM32\IPHLPAPI.DLL
[1228/152907.257:ERROR:process_memory_win.cc(73)] ReadMemory at 0x7ffcd2830000 of 64 bytes failed: Only part of a ReadProcessMemory or WriteProcessMemory request was completed. (0x12B)
[1228/152907.257:WARNING:pe_image_reader.cc(340)] could not read dos header from C:\WINDOWS\SYSTEM32\WINMM.dll
[1228/152907.257:ERROR:process_memory_win.cc(73)] ReadMemory at 0x7ffcda950000 of 64 bytes failed: Only part of a ReadProcessMemory or WriteProcessMemory request was completed. (0x12B)
[1228/152907.257:WARNING:pe_image_reader.cc(340)] could not read dos header from C:\WINDOWS\SYSTEM32\USERENV.dll
[1228/152907.257:ERROR:process_memory_win.cc(73)] ReadMemory at 0x7ffcdaaf0000 of 64 bytes failed: Only part of a ReadProcessMemory or WriteProcessMemory request was completed. (0x12B)
[1228/152907.257:WARNING:pe_image_reader.cc(340)] could not read dos header from C:\WINDOWS\System32\profapi.dll
[1228/152907.257:ERROR:process_memory_win.cc(73)] ReadMemory at 0x7ffcd5a80000 of 64 bytes failed: Only part of a ReadProcessMemory or WriteProcessMemory request was completed. (0x12B)
[1228/152907.257:WARNING:pe_image_reader.cc(340)] could not read dos header from C:\WINDOWS\SYSTEM32\DWrite.dll
[1228/152907.257:ERROR:process_memory_win.cc(73)] ReadMemory at 0x7ffccba30000 of 64 bytes failed: Only part of a ReadProcessMemory or WriteProcessMemory request was completed. (0x12B)
[1228/152907.257:WARNING:pe_image_reader.cc(340)] could not read dos header from C:\WINDOWS\SYSTEM32\WINSPOOL.DRV
[1228/152907.257:ERROR:process_memory_win.cc(73)] ReadMemory at 0x7ffcdaad0000 of 64 bytes failed: Only part of a ReadProcessMemory or WriteProcessMemory request was completed. (0x12B)
[1228/152907.257:WARNING:pe_image_reader.cc(340)] could not read dos header from C:\WINDOWS\System32\kernel.appcore.dll
[1228/152907.257:ERROR:process_memory_win.cc(73)] ReadMemory at 0x7ffcdb860000 of 64 bytes failed: Only part of a ReadProcessMemory or WriteProcessMemory request was completed. (0x12B)
[1228/152907.257:WARNING:pe_image_reader.cc(340)] could not read dos header from C:\WINDOWS\System32\bcrypt.dll
[1228/152907.258:ERROR:process_memory_win.cc(73)] ReadMemory at 0x7ffcd5f30000 of 64 bytes failed: Only part of a ReadProcessMemory or WriteProcessMemory request was completed. (0x12B)
[1228/152907.258:WARNING:pe_image_reader.cc(340)] could not read dos header from C:\WINDOWS\SYSTEM32\dbghelp.dll
[1228/152907.258:ERROR:process_memory_win.cc(73)] ReadMemory at 0x7ffccc270000 of 64 bytes failed: Only part of a ReadProcessMemory or WriteProcessMemory request was completed. (0x12B)
[1228/152907.258:WARNING:pe_image_reader.cc(340)] could not read dos header from C:\WINDOWS\SYSTEM32\Secur32.dll
[1228/152907.258:ERROR:process_memory_win.cc(73)] ReadMemory at 0x7ffcd2860000 of 64 bytes failed: Only part of a ReadProcessMemory or WriteProcessMemory request was completed. (0x12B)
[1228/152907.258:WARNING:pe_image_reader.cc(340)] could not read dos header from C:\WINDOWS\SYSTEM32\WINHTTP.dll
[1228/152907.258:ERROR:process_memory_win.cc(73)] ReadMemory at 0x7ffcd3a00000 of 64 bytes failed: Only part of a ReadProcessMemory or WriteProcessMemory request was completed. (0x12B)
[1228/152907.258:WARNING:pe_image_reader.cc(340)] could not read dos header from C:\WINDOWS\SYSTEM32\dhcpcsvc.DLL
[1228/152907.258:ERROR:process_memory_win.cc(73)] ReadMemory at 0x7ffcde5d0000 of 64 bytes failed: Only part of a ReadProcessMemory or WriteProcessMemory request was completed. (0x12B)
[1228/152907.258:WARNING:pe_image_reader.cc(340)] could not read dos header from C:\WINDOWS\System32\NSI.dll
[1228/152907.258:ERROR:process_memory_win.cc(73)] ReadMemory at 0x7ffcd2780000 of 64 bytes failed: Only part of a ReadProcessMemory or WriteProcessMemory request was completed. (0x12B)
[1228/152907.258:WARNING:pe_image_reader.cc(340)] could not read dos header from C:\WINDOWS\SYSTEM32\WINMMBASE.dll
[1228/152907.258:ERROR:process_memory_win.cc(73)] ReadMemory at 0x7ffcdaec0000 of 64 bytes failed: Only part of a ReadProcessMemory or WriteProcessMemory request was completed. (0x12B)
[1228/152907.258:WARNING:pe_image_reader.cc(340)] could not read dos header from C:\WINDOWS\System32\cfgmgr32.dll
[1228/152907.258:ERROR:process_memory_win.cc(73)] ReadMemory at 0x7ffcd3f80000 of 64 bytes failed: Only part of a ReadProcessMemory or WriteProcessMemory request was completed. (0x12B)
[1228/152907.258:WARNING:pe_image_reader.cc(340)] could not read dos header from C:\WINDOWS\SYSTEM32\PROPSYS.dll
[1228/152907.258:ERROR:process_memory_win.cc(73)] ReadMemory at 0x7ffcdbc80000 of 64 bytes failed: Only part of a ReadProcessMemory or WriteProcessMemory request was completed. (0x12B)
[1228/152907.258:WARNING:pe_image_reader.cc(340)] could not read dos header from C:\WINDOWS\System32\shcore.dll
[1228/152907.258:ERROR:process_memory_win.cc(73)] ReadMemory at 0x7ffcda980000 of 64 bytes failed: Only part of a ReadProcessMemory or WriteProcessMemory request was completed. (0x12B)
[1228/152907.258:WARNING:pe_image_reader.cc(340)] could not read dos header from C:\WINDOWS\SYSTEM32\SSPICLI.DLL
[1228/152907.258:ERROR:process_memory_win.cc(73)] ReadMemory at 0x7ffcdcd70000 of 64 bytes failed: Only part of a ReadProcessMemory or WriteProcessMemory request was completed. (0x12B)
[1228/152907.258:WARNING:pe_image_reader.cc(340)] could not read dos header from C:\WINDOWS\System32\SHELL32.dll
[1228/152907.258:ERROR:process_memory_win.cc(73)] ReadMemory at 0x7ffcdaf10000 of 64 bytes failed: Only part of a ReadProcessMemory or WriteProcessMemory request was completed. (0x12B)
[1228/152907.258:WARNING:pe_image_reader.cc(340)] could not read dos header from C:\WINDOWS\System32\windows.storage.dll
[1228/152907.258:ERROR:process_memory_win.cc(73)] ReadMemory at 0x7ffcdaa50000 of 64 bytes failed: Only part of a ReadProcessMemory or WriteProcessMemory request was completed. (0x12B)
[1228/152907.258:WARNING:pe_image_reader.cc(340)] could not read dos header from C:\WINDOWS\System32\powrprof.dll
[1228/152907.258:ERROR:process_memory_win.cc(73)] ReadMemory at 0x7ffcde760000 of 64 bytes failed: Only part of a ReadProcessMemory or WriteProcessMemory request was completed. (0x12B)
[1228/152907.258:WARNING:pe_image_reader.cc(340)] could not read dos header from C:\WINDOWS\System32\shlwapi.dll
[1228/152907.258:ERROR:process_memory_win.cc(73)] ReadMemory at 0x7ffcde820000 of 64 bytes failed: Only part of a ReadProcessMemory or WriteProcessMemory request was completed. (0x12B)
[1228/152907.258:WARNING:pe_image_reader.cc(340)] could not read dos header from C:\WINDOWS\System32\GDI32.dll
[1228/152907.258:ERROR:process_memory_win.cc(73)] ReadMemory at 0x7ffcdb9b0000 of 64 bytes failed: Only part of a ReadProcessMemory or WriteProcessMemory request was completed. (0x12B)
[1228/152907.258:WARNING:pe_image_reader.cc(340)] could not read dos header from C:\WINDOWS\System32\gdi32full.dll
[1228/152907.258:ERROR:process_memory_win.cc(73)] ReadMemory at 0x7ffcdc450000 of 64 bytes failed: Only part of a ReadProcessMemory or WriteProcessMemory request was completed. (0x12B)
[1228/152907.258:WARNING:pe_image_reader.cc(340)] could not read dos header from C:\WINDOWS\System32\USER32.dll
[1228/152907.258:ERROR:process_memory_win.cc(73)] ReadMemory at 0x7ffcdb660000 of 64 bytes failed: Only part of a ReadProcessMemory or WriteProcessMemory request was completed. (0x12B)
[1228/152907.258:WARNING:pe_image_reader.cc(340)] could not read dos header from C:\WINDOWS\System32\win32u.dll
[1228/152907.258:ERROR:process_memory_win.cc(73)] ReadMemory at 0x7ffcdb890000 of 64 bytes failed: Only part of a ReadProcessMemory or WriteProcessMemory request was completed. (0x12B)
[1228/152907.258:WARNING:pe_image_reader.cc(340)] could not read dos header from C:\WINDOWS\System32\cryptsp.dll
[1228/152907.258:ERROR:process_memory_win.cc(73)] ReadMemory at 0x7ffcde3a0000 of 64 bytes failed: Only part of a ReadProcessMemory or WriteProcessMemory request was completed. (0x12B)
[1228/152907.259:WARNING:pe_image_reader.cc(340)] could not read dos header from C:\WINDOWS\System32\IMM32.DLL
[1228/152907.259:ERROR:process_memory_win.cc(73)] ReadMemory at 0x7ffcda430000 of 64 bytes failed: Only part of a ReadProcessMemory or WriteProcessMemory request was completed. (0x12B)
[1228/152907.259:WARNING:pe_image_reader.cc(340)] could not read dos header from C:\WINDOWS\SYSTEM32\CRYPTBASE.DLL
[1228/152907.259:ERROR:process_memory_win.cc(73)] ReadMemory at 0x7ff770ee0000 of 64 bytes failed: Only part of a ReadProcessMemory or WriteProcessMemory request was completed. (0x12B)
[1228/152907.259:WARNING:pe_image_reader.cc(340)] could not read dos header from C:\Program Files (x86)\Google\Chrome\Application\chrome.exe
[1228/152907.259:ERROR:process_memory_win.cc(73)] ReadMemory at 0x7ffcdea60000 of 64 bytes failed: Only part of a ReadProcessMemory or WriteProcessMemory request was completed. (0x12B)
[1228/152907.259:WARNING:pe_image_reader.cc(340)] could not read dos header from C:\WINDOWS\SYSTEM32\ntdll.dll
[1228/152907.259:ERROR:process_memory_win.cc(73)] ReadMemory at 0x7ffcde500000 of 64 bytes failed: Only part of a ReadProcessMemory or WriteProcessMemory request was completed. (0x12B)
[1228/152907.259:WARNING:pe_image_reader.cc(340)] could not read dos header from C:\WINDOWS\System32\KERNEL32.DLL
[1228/152907.259:ERROR:process_memory_win.cc(73)] ReadMemory at 0x7ffcdab20000 of 64 bytes failed: Only part of a ReadProcessMemory or WriteProcessMemory request was completed. (0x12B)
[1228/152907.259:WARNING:pe_image_reader.cc(340)] could not read dos header from C:\WINDOWS\System32\KERNELBASE.dll
[1228/152907.259:ERROR:process_memory_win.cc(73)] ReadMemory at 0x7ffca6990000 of 64 bytes failed: Only part of a ReadProcessMemory or WriteProcessMemory request was completed. (0x12B)
[1228/152907.259:WARNING:pe_image_reader.cc(340)] could not read dos header from C:\Program Files (x86)\Google\Chrome\Application\79.0.3945.88\chrome_elf.dll
[1228/152907.259:ERROR:process_memory_win.cc(73)] ReadMemory at 0x7ffcd13d0000 of 64 bytes failed: Only part of a ReadProcessMemory or WriteProcessMemory request was completed. (0x12B)
[1228/152907.259:WARNING:pe_image_reader.cc(340)] could not read dos header from C:\WINDOWS\SYSTEM32\VERSION.dll
[1228/152907.259:ERROR:process_memory_win.cc(73)] ReadMemory at 0x7ffcdbde0000 of 64 bytes failed: Only part of a ReadProcessMemory or WriteProcessMemory request was completed. (0x12B)
[1228/152907.259:WARNING:pe_image_reader.cc(340)] could not read dos header from C:\WINDOWS\System32\msvcrt.dll
[1228/152907.259:ERROR:process_memory_win.cc(73)] ReadMemory at 0x7ffcdbb50000 of 64 bytes failed: Only part of a ReadProcessMemory or WriteProcessMemory request was completed. (0x12B)
[1228/152907.259:WARNING:pe_image_reader.cc(340)] could not read dos header from C:\WINDOWS\System32\bcryptPrimitives.dll
[1228/152907.259:ERROR:process_memory_win.cc(73)] ReadMemory at 0x7ffcdbd30000 of 64 bytes failed: Only part of a ReadProcessMemory or WriteProcessMemory request was completed. (0x12B)
[1228/152907.259:WARNING:pe_image_reader.cc(340)] could not read dos header from C:\WINDOWS\System32\ADVAPI32.dll
[1228/152907.259:ERROR:process_memory_win.cc(73)] ReadMemory at 0x7ffcde860000 of 64 bytes failed: Only part of a ReadProcessMemory or WriteProcessMemory request was completed. (0x12B)
[1228/152907.259:WARNING:pe_image_reader.cc(340)] could not read dos header from C:\WINDOWS\System32\sechost.dll
[1228/152907.259:ERROR:process_memory_win.cc(73)] ReadMemory at 0x7ffcde900000 of 64 bytes failed: Only part of a ReadProcessMemory or WriteProcessMemory request was completed. (0x12B)
[1228/152907.259:WARNING:pe_image_reader.cc(340)] could not read dos header from C:\WINDOWS\System32\RPCRT4.dll
[1228/152907.259:ERROR:process_memory_win.cc(73)] ReadMemory at 0x7ffc7b5a0000 of 64 bytes failed: Only part of a ReadProcessMemory or WriteProcessMemory request was completed. (0x12B)
[1228/152907.259:WARNING:pe_image_reader.cc(340)] could not read dos header from C:\Program Files (x86)\Google\Chrome\Application\79.0.3945.88\chrome_child.dll
[1228/152907.259:ERROR:process_memory_win.cc(73)] ReadMemory at 0x7ffcde270000 of 64 bytes failed: Only part of a ReadProcessMemory or WriteProcessMemory request was completed. (0x12B)
[1228/152907.259:WARNING:pe_image_reader.cc(340)] could not read dos header from C:\WINDOWS\System32\OLEAUT32.dll
[1228/152907.259:ERROR:process_memory_win.cc(73)] ReadMemory at 0x7ffcdadc0000 of 64 bytes failed: Only part of a ReadProcessMemory or WriteProcessMemory request was completed. (0x12B)
[1228/152907.259:WARNING:pe_image_reader.cc(340)] could not read dos header from C:\WINDOWS\System32\msvcp_win.dll
[1228/152907.260:ERROR:process_memory_win.cc(73)] ReadMemory at 0x7ffcdb8b0000 of 64 bytes failed: Only part of a ReadProcessMemory or WriteProcessMemory request was completed. (0x12B)
[1228/152907.260:WARNING:pe_image_reader.cc(340)] could not read dos header from C:\WINDOWS\System32\ucrtbase.dll
[1228/152907.260:ERROR:process_memory_win.cc(73)] ReadMemory at 0x7ffcdc6a0000 of 64 bytes failed: Only part of a ReadProcessMemory or WriteProcessMemory request was completed. (0x12B)
[1228/152907.260:WARNING:pe_image_reader.cc(340)] could not read dos header from C:\WINDOWS\System32\combase.dll
[1228/152907.260:ERROR:process_memory_win.cc(73)] ReadMemory at 0x7ffcdbe80000 of 64 bytes failed: Only part of a ReadProcessMemory or WriteProcessMemory request was completed. (0x12B)
[1228/152907.260:WARNING:pe_image_reader.cc(340)] could not read dos header from C:\WINDOWS\System32\WS2_32.dll
[1228/152907.260:ERROR:process_memory_win.cc(73)] ReadMemory at 0x7ffcdae60000 of 64 bytes failed: Only part of a ReadProcessMemory or WriteProcessMemory request was completed. (0x12B)
[1228/152907.260:WARNING:pe_image_reader.cc(340)] could not read dos header from C:\WINDOWS\System32\WINTRUST.dll
[1228/152907.260:ERROR:process_memory_win.cc(73)] ReadMemory at 0x7ffcdaab0000 of 64 bytes failed: Only part of a ReadProcessMemory or WriteProcessMemory request was completed. (0x12B)
[1228/152907.260:WARNING:pe_image_reader.cc(340)] could not read dos header from C:\WINDOWS\System32\MSASN1.dll
[1228/152907.260:ERROR:process_memory_win.cc(73)] ReadMemory at 0x7ffcdb680000 of 64 bytes failed: Only part of a ReadProcessMemory or WriteProcessMemory request was completed. (0x12B)
[1228/152907.261:WARNING:pe_image_reader.cc(340)] could not read dos header from C:\WINDOWS\System32\CRYPT32.dll
[1228/152907.261:ERROR:process_memory_win.cc(73)] ReadMemory at 0x7ffcd9f80000 of 64 bytes failed: Only part of a ReadProcessMemory or WriteProcessMemory request was completed. (0x12B)
[1228/152907.261:WARNING:pe_image_reader.cc(340)] could not read dos header from C:\WINDOWS\SYSTEM32\IPHLPAPI.DLL
[1228/152907.261:ERROR:process_memory_win.cc(73)] ReadMemory at 0x7ffcd2830000 of 64 bytes failed: Only part of a ReadProcessMemory or WriteProcessMemory request was completed. (0x12B)
[1228/152907.261:WARNING:pe_image_reader.cc(340)] could not read dos header from C:\WINDOWS\SYSTEM32\WINMM.dll
[1228/152907.261:ERROR:process_memory_win.cc(73)] ReadMemory at 0x7ffcda950000 of 64 bytes failed: Only part of a ReadProcessMemory or WriteProcessMemory request was completed. (0x12B)
[1228/152907.261:WARNING:pe_image_reader.cc(340)] could not read dos header from C:\WINDOWS\SYSTEM32\USERENV.dll
[1228/152907.261:ERROR:process_memory_win.cc(73)] ReadMemory at 0x7ffcdaaf0000 of 64 bytes failed: Only part of a ReadProcessMemory or WriteProcessMemory request was completed. (0x12B)
[1228/152907.261:WARNING:pe_image_reader.cc(340)] could not read dos header from C:\WINDOWS\System32\profapi.dll
[1228/152907.261:ERROR:process_memory_win.cc(73)] ReadMemory at 0x7ffcd5a80000 of 64 bytes failed: Only part of a ReadProcessMemory or WriteProcessMemory request was completed. (0x12B)
[1228/152907.261:WARNING:pe_image_reader.cc(340)] could not read dos header from C:\WINDOWS\SYSTEM32\DWrite.dll
[1228/152907.261:ERROR:process_memory_win.cc(73)] ReadMemory at 0x7ffccba30000 of 64 bytes failed: Only part of a ReadProcessMemory or WriteProcessMemory request was completed. (0x12B)
[1228/152907.261:WARNING:pe_image_reader.cc(340)] could not read dos header from C:\WINDOWS\SYSTEM32\WINSPOOL.DRV
[1228/152907.261:ERROR:process_memory_win.cc(73)] ReadMemory at 0x7ffcdaad0000 of 64 bytes failed: Only part of a ReadProcessMemory or WriteProcessMemory request was completed. (0x12B)
[1228/152907.262:WARNING:pe_image_reader.cc(340)] could not read dos header from C:\WINDOWS\System32\kernel.appcore.dll
[1228/152907.262:ERROR:process_memory_win.cc(73)] ReadMemory at 0x7ffcdb860000 of 64 bytes failed: Only part of a ReadProcessMemory or WriteProcessMemory request was completed. (0x12B)
[1228/152907.262:WARNING:pe_image_reader.cc(340)] could not read dos header from C:\WINDOWS\System32\bcrypt.dll
[1228/152907.262:ERROR:process_memory_win.cc(73)] ReadMemory at 0x7ffcd5f30000 of 64 bytes failed: Only part of a ReadProcessMemory or WriteProcessMemory request was completed. (0x12B)
[1228/152907.262:WARNING:pe_image_reader.cc(340)] could not read dos header from C:\WINDOWS\SYSTEM32\dbghelp.dll
[1228/152907.262:ERROR:process_memory_win.cc(73)] ReadMemory at 0x7ffccc270000 of 64 bytes failed: Only part of a ReadProcessMemory or WriteProcessMemory request was completed. (0x12B)
[1228/152907.262:WARNING:pe_image_reader.cc(340)] could not read dos header from C:\WINDOWS\SYSTEM32\Secur32.dll
[1228/152907.262:ERROR:process_memory_win.cc(73)] ReadMemory at 0x7ffcd2860000 of 64 bytes failed: Only part of a ReadProcessMemory or WriteProcessMemory request was completed. (0x12B)
[1228/152907.262:WARNING:pe_image_reader.cc(340)] could not read dos header from C:\WINDOWS\SYSTEM32\WINHTTP.dll
[1228/152907.262:ERROR:process_memory_win.cc(73)] ReadMemory at 0x7ffcd3a00000 of 64 bytes failed: Only part of a ReadProcessMemory or WriteProcessMemory request was completed. (0x12B)
[1228/152907.262:WARNING:pe_image_reader.cc(340)] could not read dos header from C:\WINDOWS\SYSTEM32\dhcpcsvc.DLL
[1228/152907.262:ERROR:process_memory_win.cc(73)] ReadMemory at 0x7ffcde5d0000 of 64 bytes failed: Only part of a ReadProcessMemory or WriteProcessMemory request was completed. (0x12B)
[1228/152907.262:WARNING:pe_image_reader.cc(340)] could not read dos header from C:\WINDOWS\System32\NSI.dll
[1228/152907.263:ERROR:process_memory_win.cc(73)] ReadMemory at 0x7ffcd2780000 of 64 bytes failed: Only part of a ReadProcessMemory or WriteProcessMemory request was completed. (0x12B)
[1228/152907.263:WARNING:pe_image_reader.cc(340)] could not read dos header from C:\WINDOWS\SYSTEM32\WINMMBASE.dll
[1228/152907.263:ERROR:process_memory_win.cc(73)] ReadMemory at 0x7ffcdaec0000 of 64 bytes failed: Only part of a ReadProcessMemory or WriteProcessMemory request was completed. (0x12B)
[1228/152907.263:WARNING:pe_image_reader.cc(340)] could not read dos header from C:\WINDOWS\System32\cfgmgr32.dll
[1228/152907.263:ERROR:process_memory_win.cc(73)] ReadMemory at 0x7ffcd3f80000 of 64 bytes failed: Only part of a ReadProcessMemory or WriteProcessMemory request was completed. (0x12B)
[1228/152907.263:WARNING:pe_image_reader.cc(340)] could not read dos header from C:\WINDOWS\SYSTEM32\PROPSYS.dll
[1228/152907.263:ERROR:process_memory_win.cc(73)] ReadMemory at 0x7ffcdbc80000 of 64 bytes failed: Only part of a ReadProcessMemory or WriteProcessMemory request was completed. (0x12B)
[1228/152907.263:WARNING:pe_image_reader.cc(340)] could not read dos header from C:\WINDOWS\System32\shcore.dll
[1228/152907.263:ERROR:process_memory_win.cc(73)] ReadMemory at 0x7ffcda980000 of 64 bytes failed: Only part of a ReadProcessMemory or WriteProcessMemory request was completed. (0x12B)
[1228/152907.263:WARNING:pe_image_reader.cc(340)] could not read dos header from C:\WINDOWS\SYSTEM32\SSPICLI.DLL
[1228/152907.263:ERROR:process_memory_win.cc(73)] ReadMemory at 0x7ffcdcd70000 of 64 bytes failed: Only part of a ReadProcessMemory or WriteProcessMemory request was completed. (0x12B)
[1228/152907.263:WARNING:pe_image_reader.cc(340)] could not read dos header from C:\WINDOWS\System32\SHELL32.dll
[1228/152907.263:ERROR:process_memory_win.cc(73)] ReadMemory at 0x7ffcdaf10000 of 64 bytes failed: Only part of a ReadProcessMemory or WriteProcessMemory request was completed. (0x12B)
[1228/152907.263:WARNING:pe_image_reader.cc(340)] could not read dos header from C:\WINDOWS\System32\windows.storage.dll
[1228/152907.264:ERROR:process_memory_win.cc(73)] ReadMemory at 0x7ffcdaa50000 of 64 bytes failed: Only part of a ReadProcessMemory or WriteProcessMemory request was completed. (0x12B)
[1228/152907.264:WARNING:pe_image_reader.cc(340)] could not read dos header from C:\WINDOWS\System32\powrprof.dll
[1228/152907.264:ERROR:process_memory_win.cc(73)] ReadMemory at 0x7ffcde760000 of 64 bytes failed: Only part of a ReadProcessMemory or WriteProcessMemory request was completed. (0x12B)
[1228/152907.264:WARNING:pe_image_reader.cc(340)] could not read dos header from C:\WINDOWS\System32\shlwapi.dll
[1228/152907.264:ERROR:process_memory_win.cc(73)] ReadMemory at 0x7ffcde820000 of 64 bytes failed: Only part of a ReadProcessMemory or WriteProcessMemory request was completed. (0x12B)
[1228/152907.264:WARNING:pe_image_reader.cc(340)] could not read dos header from C:\WINDOWS\System32\GDI32.dll
[1228/152907.264:ERROR:process_memory_win.cc(73)] ReadMemory at 0x7ffcdb9b0000 of 64 bytes failed: Only part of a ReadProcessMemory or WriteProcessMemory request was completed. (0x12B)
[1228/152907.264:WARNING:pe_image_reader.cc(340)] could not read dos header from C:\WINDOWS\System32\gdi32full.dll
[1228/152907.264:ERROR:process_memory_win.cc(73)] ReadMemory at 0x7ffcdc450000 of 64 bytes failed: Only part of a ReadProcessMemory or WriteProcessMemory request was completed. (0x12B)
[1228/152907.264:WARNING:pe_image_reader.cc(340)] could not read dos header from C:\WINDOWS\System32\USER32.dll
[1228/152907.264:ERROR:process_memory_win.cc(73)] ReadMemory at 0x7ffcdb660000 of 64 bytes failed: Only part of a ReadProcessMemory or WriteProcessMemory request was completed. (0x12B)
[1228/152907.264:WARNING:pe_image_reader.cc(340)] could not read dos header from C:\WINDOWS\System32\win32u.dll
[1228/152907.264:ERROR:process_memory_win.cc(73)] ReadMemory at 0x7ffcdb890000 of 64 bytes failed: Only part of a ReadProcessMemory or WriteProcessMemory request was completed. (0x12B)
[1228/152907.264:WARNING:pe_image_reader.cc(340)] could not read dos header from C:\WINDOWS\System32\cryptsp.dll
[1228/152907.265:ERROR:process_memory_win.cc(73)] ReadMemory at 0x7ffcde3a0000 of 64 bytes failed: Only part of a ReadProcessMemory or WriteProcessMemory request was completed. (0x12B)
[1228/152907.265:WARNING:pe_image_reader.cc(340)] could not read dos header from C:\WINDOWS\System32\IMM32.DLL
[1228/152907.265:ERROR:process_memory_win.cc(73)] ReadMemory at 0x7ffcda430000 of 64 bytes failed: Only part of a ReadProcessMemory or WriteProcessMemory request was completed. (0x12B)
[1228/152907.265:WARNING:pe_image_reader.cc(340)] could not read dos header from C:\WINDOWS\SYSTEM32\CRYPTBASE.DLL
[1228/152907.279:ERROR:process_memory_win.cc(73)] ReadMemory at 0x8aa1be5000 of 110592 bytes failed: Only part of a ReadProcessMemory or WriteProcessMemory request was completed. (0x12B)
[1228/152907.279:ERROR:process_memory_win.cc(73)] ReadMemory at 0x8aa23fd000 of 12288 bytes failed: Only part of a ReadProcessMemory or WriteProcessMemory request was completed. (0x12B)
[1228/152907.279:ERROR:process_memory_win.cc(73)] ReadMemory at 0x8aa2bfc000 of 16384 bytes failed: Only part of a ReadProcessMemory or WriteProcessMemory request was completed. (0x12B)
[1228/152907.279:ERROR:process_memory_win.cc(73)] ReadMemory at 0x8aa33fd000 of 12288 bytes failed: Only part of a ReadProcessMemory or WriteProcessMemory request was completed. (0x12B)
[1228/152907.279:ERROR:process_memory_win.cc(73)] ReadMemory at 0x8aa3bfb000 of 20480 bytes failed: Only part of a ReadProcessMemory or WriteProcessMemory request was completed. (0x12B)
[1228/152907.280:ERROR:process_memory_win.cc(73)] ReadMemory at 0x8aa43fe000 of 8192 bytes failed: Only part of a ReadProcessMemory or WriteProcessMemory request was completed. (0x12B)
[1228/152907.280:ERROR:process_memory_win.cc(73)] ReadMemory at 0x8aa4bfd000 of 12288 bytes failed: Only part of a ReadProcessMemory or WriteProcessMemory request was completed. (0x12B)
[1228/152907.280:ERROR:process_memory_win.cc(73)] ReadMemory at 0x8aa53fb000 of 20480 bytes failed: Only part of a ReadProcessMemory or WriteProcessMemory request was completed. (0x12B)
[1228/152907.280:ERROR:process_memory_win.cc(73)] ReadMemory at 0x8aa5bfd000 of 12288 bytes failed: Only part of a ReadProcessMemory or WriteProcessMemory request was completed. (0x12B)
[1228/152907.280:ERROR:process_memory_win.cc(73)] ReadMemory at 0x8aa63f6000 of 40960 bytes failed: Only part of a ReadProcessMemory or WriteProcessMemory request was completed. (0x12B)
[1228/152907.280:ERROR:process_memory_win.cc(73)] ReadMemory at 0x8aa6bf6000 of 40960 bytes failed: Only part of a ReadProcessMemory or WriteProcessMemory request was completed. (0x12B)
[1228/152907.280:ERROR:process_memory_win.cc(73)] ReadMemory at 0x8aa73fd000 of 12288 bytes failed: Only part of a ReadProcessMemory or WriteProcessMemory request was completed. (0x12B)
[1228/152907.280:ERROR:process_memory_win.cc(73)] ReadMemory at 0x8aa7bfd000 of 12288 bytes failed: Only part of a ReadProcessMemory or WriteProcessMemory request was completed. (0x12B)
[1228/152907.280:ERROR:process_memory_win.cc(73)] ReadMemory at 0x8aa83fd000 of 12288 bytes failed: Only part of a ReadProcessMemory or WriteProcessMemory request was completed. (0x12B)
[1228/152907.281:ERROR:process_memory_win.cc(73)] ReadMemory at 0x8aa1201000 of 852 bytes failed: Only part of a ReadProcessMemory or WriteProcessMemory request was completed. (0x12B)
[1228/152907.281:ERROR:process_memory_win.cc(73)] ReadMemory at 0x8aa1202000 of 6024 bytes failed: Only part of a ReadProcessMemory or WriteProcessMemory request was completed. (0x12B)
[1228/152907.281:ERROR:process_memory_win.cc(73)] ReadMemory at 0x8aa1204000 of 6024 bytes failed: Only part of a ReadProcessMemory or WriteProcessMemory request was completed. (0x12B)
[1228/152907.281:ERROR:process_memory_win.cc(73)] ReadMemory at 0x8aa1206000 of 6024 bytes failed: Only part of a ReadProcessMemory or WriteProcessMemory request was completed. (0x12B)
[1228/152907.281:ERROR:process_memory_win.cc(73)] ReadMemory at 0x8aa1208000 of 6024 bytes failed: Only part of a ReadProcessMemory or WriteProcessMemory request was completed. (0x12B)
[1228/152907.281:ERROR:process_memory_win.cc(73)] ReadMemory at 0x8aa120a000 of 6024 bytes failed: Only part of a ReadProcessMemory or WriteProcessMemory request was completed. (0x12B)
[1228/152907.281:ERROR:process_memory_win.cc(73)] ReadMemory at 0x8aa120c000 of 6024 bytes failed: Only part of a ReadProcessMemory or WriteProcessMemory request was completed. (0x12B)
[1228/152907.281:ERROR:process_memory_win.cc(73)] ReadMemory at 0x8aa120e000 of 6024 bytes failed: Only part of a ReadProcessMemory or WriteProcessMemory request was completed. (0x12B)
[1228/152907.281:ERROR:process_memory_win.cc(73)] ReadMemory at 0x8aa1210000 of 6024 bytes failed: Only part of a ReadProcessMemory or WriteProcessMemory request was completed. (0x12B)
[1228/152907.281:ERROR:process_memory_win.cc(73)] ReadMemory at 0x8aa1212000 of 6024 bytes failed: Only part of a ReadProcessMemory or WriteProcessMemory request was completed. (0x12B)
[1228/152907.281:ERROR:process_memory_win.cc(73)] ReadMemory at 0x8aa1214000 of 6024 bytes failed: Only part of a ReadProcessMemory or WriteProcessMemory request was completed. (0x12B)
[1228/152907.281:ERROR:process_memory_win.cc(73)] ReadMemory at 0x8aa1216000 of 6024 bytes failed: Only part of a ReadProcessMemory or WriteProcessMemory request was completed. (0x12B)
[1228/152907.282:ERROR:process_memory_win.cc(73)] ReadMemory at 0x8aa1218000 of 6024 bytes failed: Only part of a ReadProcessMemory or WriteProcessMemory request was completed. (0x12B)
[1228/152907.282:ERROR:process_memory_win.cc(73)] ReadMemory at 0x8aa1220000 of 6024 bytes failed: Only part of a ReadProcessMemory or WriteProcessMemory request was completed. (0x12B)
[1228/152907.282:ERROR:process_memory_win.cc(73)] ReadMemory at 0x8aa1222000 of 6024 bytes failed: Only part of a ReadProcessMemory or WriteProcessMemory request was completed. (0x12B)
[1228/152907.282:ERROR:process_memory_win.cc(73)] ReadMemory at 0x236f29f0fe0 of 3944 bytes failed: Only part of a ReadProcessMemory or WriteProcessMemory request was completed. (0x12B)
[1228/152907.282:ERROR:process_memory_win.cc(73)] ReadMemory at 0x236f29f1f50 of 1012 bytes failed: Only part of a ReadProcessMemory or WriteProcessMemory request was completed. (0x12B)
[1228/152907.282:ERROR:process_memory_win.cc(73)] ReadMemory at 0x236f29f2578 of 118 bytes failed: Only part of a ReadProcessMemory or WriteProcessMemory request was completed. (0x12B)
[1228/152907.282:ERROR:process_memory_win.cc(73)] ReadMemory at 0x236f29f25f0 of 1406 bytes failed: Only part of a ReadProcessMemory or WriteProcessMemory request was completed. (0x12B)
[1228/152907.282:ERROR:process_memory_win.cc(73)] ReadMemory at 0x236f29f2b70 of 118 bytes failed: Only part of a ReadProcessMemory or WriteProcessMemory request was completed. (0x12B)
[1228/152907.282:ERROR:process_memory_win.cc(73)] ReadMemory at 0x236f29f2be8 of 98 bytes failed: Only part of a ReadProcessMemory or WriteProcessMemory request was completed. (0x12B)
[1228/152907.282:ERROR:process_memory_win.cc(73)] ReadMemory at 0x236f29f2c60 of 58 bytes failed: Only part of a ReadProcessMemory or WriteProcessMemory request was completed. (0x12B)
[1228/152907.282:ERROR:process_memory_win.cc(73)] ReadMemory at 0x236f29f2d60 of 132 bytes failed: Only part of a ReadProcessMemory or WriteProcessMemory request was completed. (0x12B)
[1228/152907.282:ERROR:process_memory_win.cc(73)] ReadMemory at 0x236f29f2ef0 of 132 bytes failed: Only part of a ReadProcessMemory or WriteProcessMemory request was completed. (0x12B)
[1228/152907.282:ERROR:process_memory_win.cc(73)] ReadMemory at 0x236f29f30b0 of 124 bytes failed: Only part of a ReadProcessMemory or WriteProcessMemory request was completed. (0x12B)
[1228/152907.282:ERROR:process_memory_win.cc(73)] ReadMemory at 0x236f29f3490 of 132 bytes failed: Only part of a ReadProcessMemory or WriteProcessMemory request was completed. (0x12B)
[1228/152907.282:ERROR:process_memory_win.cc(73)] ReadMemory at 0x236f29f3620 of 64 bytes failed: Only part of a ReadProcessMemory or WriteProcessMemory request was completed. (0x12B)
[1228/152907.282:ERROR:process_memory_win.cc(73)] ReadMemory at 0x236f29f3670 of 132 bytes failed: Only part of a ReadProcessMemory or WriteProcessMemory request was completed. (0x12B)
[1228/152907.282:ERROR:process_memory_win.cc(73)] ReadMemory at 0x236f29f37e0 of 132 bytes failed: Only part of a ReadProcessMemory or WriteProcessMemory request was completed. (0x12B)
[1228/152907.283:ERROR:process_memory_win.cc(73)] ReadMemory at 0x236f29f3a80 of 132 bytes failed: Only part of a ReadProcessMemory or WriteProcessMemory request was completed. (0x12B)
[1228/152907.283:ERROR:process_memory_win.cc(73)] ReadMemory at 0x236f29f3c10 of 68 bytes failed: Only part of a ReadProcessMemory or WriteProcessMemory request was completed. (0x12B)
[1228/152907.283:ERROR:process_memory_win.cc(73)] ReadMemory at 0x236f29f4d10 of 132 bytes failed: Only part of a ReadProcessMemory or WriteProcessMemory request was completed. (0x12B)
[1228/152907.283:ERROR:process_memory_win.cc(73)] ReadMemory at 0x236f29f4ea0 of 152 bytes failed: Only part of a ReadProcessMemory or WriteProcessMemory request was completed. (0x12B)
[1228/152907.283:ERROR:process_memory_win.cc(73)] ReadMemory at 0x236f29f5a90 of 132 bytes failed: Only part of a ReadProcessMemory or WriteProcessMemory request was completed. (0x12B)
[1228/152907.283:ERROR:process_memory_win.cc(73)] ReadMemory at 0x236f29f5d50 of 62 bytes failed: Only part of a ReadProcessMemory or WriteProcessMemory request was completed. (0x12B)
[1228/152907.283:ERROR:process_memory_win.cc(73)] ReadMemory at 0x236f29f6220 of 156 bytes failed: Only part of a ReadProcessMemory or WriteProcessMemory request was completed. (0x12B)
[1228/152907.283:ERROR:process_memory_win.cc(73)] ReadMemory at 0x236f29f6300 of 132 bytes failed: Only part of a ReadProcessMemory or WriteProcessMemory request was completed. (0x12B)
[1228/152907.283:ERROR:process_memory_win.cc(73)] ReadMemory at 0x236f29f6430 of 60 bytes failed: Only part of a ReadProcessMemory or WriteProcessMemory request was completed. (0x12B)
[1228/152907.283:ERROR:process_memory_win.cc(73)] ReadMemory at 0x236f29f722a of 512 bytes failed: Only part of a ReadProcessMemory or WriteProcessMemory request was completed. (0x12B)
[1228/152907.283:ERROR:process_memory_win.cc(73)] ReadMemory at 0x236f29f9b00 of 132 bytes failed: Only part of a ReadProcessMemory or WriteProcessMemory request was completed. (0x12B)
[1228/152907.283:ERROR:process_memory_win.cc(73)] ReadMemory at 0x236f29f9dc0 of 64 bytes failed: Only part of a ReadProcessMemory or WriteProcessMemory request was completed. (0x12B)
[1228/152907.283:ERROR:process_memory_win.cc(73)] ReadMemory at 0x236f29f9fa0 of 64 bytes failed: Only part of a ReadProcessMemory or WriteProcessMemory request was completed. (0x12B)
[1228/152907.284:ERROR:process_memory_win.cc(73)] ReadMemory at 0x236f29fa090 of 66 bytes failed: Only part of a ReadProcessMemory or WriteProcessMemory request was completed. (0x12B)
[1228/152907.284:ERROR:process_memory_win.cc(73)] ReadMemory at 0x236f29fa0e0 of 64 bytes failed: Only part of a ReadProcessMemory or WriteProcessMemory request was completed. (0x12B)
[1228/152907.284:ERROR:process_memory_win.cc(73)] ReadMemory at 0x236f29fa180 of 62 bytes failed: Only part of a ReadProcessMemory or WriteProcessMemory request was completed. (0x12B)
[1228/152907.284:ERROR:process_memory_win.cc(73)] ReadMemory at 0x236f29fa2c0 of 60 bytes failed: Only part of a ReadProcessMemory or WriteProcessMemory request was completed. (0x12B)
[1228/152907.284:ERROR:process_memory_win.cc(73)] ReadMemory at 0x236f29fa310 of 62 bytes failed: Only part of a ReadProcessMemory or WriteProcessMemory request was completed. (0x12B)
[1228/152907.284:ERROR:process_memory_win.cc(73)] ReadMemory at 0x236f29fa360 of 64 bytes failed: Only part of a ReadProcessMemory or WriteProcessMemory request was completed. (0x12B)
[1228/152907.284:ERROR:process_memory_win.cc(73)] ReadMemory at 0x236f29fa3b0 of 60 bytes failed: Only part of a ReadProcessMemory or WriteProcessMemory request was completed. (0x12B)
[1228/152907.284:ERROR:process_memory_win.cc(73)] ReadMemory at 0x236f29fa9b0 of 132 bytes failed: Only part of a ReadProcessMemory or WriteProcessMemory request was completed. (0x12B)
[1228/152907.284:ERROR:process_memory_win.cc(73)] ReadMemory at 0x236f29fb410 of 132 bytes failed: Only part of a ReadProcessMemory or WriteProcessMemory request was completed. (0x12B)
[1228/152907.285:ERROR:process_memory_win.cc(73)] ReadMemory at 0x236f29fb5a0 of 80 bytes failed: Only part of a ReadProcessMemory or WriteProcessMemory request was completed. (0x12B)
[1228/152907.285:ERROR:process_memory_win.cc(73)] ReadMemory at 0x236f29fb650 of 60 bytes failed: Only part of a ReadProcessMemory or WriteProcessMemory request was completed. (0x12B)
[1228/152907.285:ERROR:process_memory_win.cc(73)] ReadMemory at 0x236f29fb740 of 62 bytes failed: Only part of a ReadProcessMemory or WriteProcessMemory request was completed. (0x12B)
[1228/152907.285:ERROR:process_memory_win.cc(73)] ReadMemory at 0x236f29fb830 of 62 bytes failed: Only part of a ReadProcessMemory or WriteProcessMemory request was completed. (0x12B)
[1228/152907.285:ERROR:process_memory_win.cc(73)] ReadMemory at 0x236f29fba10 of 64 bytes failed: Only part of a ReadProcessMemory or WriteProcessMemory request was completed. (0x12B)
[1228/152907.285:ERROR:process_memory_win.cc(73)] ReadMemory at 0x236f29fbdd0 of 60 bytes failed: Only part of a ReadProcessMemory or WriteProcessMemory request was completed. (0x12B)
[1228/152907.285:ERROR:process_memory_win.cc(73)] ReadMemory at 0x236f29fbe70 of 58 bytes failed: Only part of a ReadProcessMemory or WriteProcessMemory request was completed. (0x12B)
[1228/152907.285:ERROR:process_memory_win.cc(73)] ReadMemory at 0x236f29fc000 of 60 bytes failed: Only part of a ReadProcessMemory or WriteProcessMemory request was completed. (0x12B)
[1228/152907.285:ERROR:process_memory_win.cc(73)] ReadMemory at 0x236f29fc050 of 62 bytes failed: Only part of a ReadProcessMemory or WriteProcessMemory request was completed. (0x12B)
[1228/152907.285:ERROR:process_memory_win.cc(73)] ReadMemory at 0x236f29fc0a0 of 62 bytes failed: Only part of a ReadProcessMemory or WriteProcessMemory request was completed. (0x12B)
[1228/152907.286:ERROR:process_memory_win.cc(73)] ReadMemory at 0x236f29fc230 of 62 bytes failed: Only part of a ReadProcessMemory or WriteProcessMemory request was completed. (0x12B)
[1228/152907.286:ERROR:process_memory_win.cc(73)] ReadMemory at 0x236f29fc280 of 64 bytes failed: Only part of a ReadProcessMemory or WriteProcessMemory request was completed. (0x12B)
[1228/152907.286:ERROR:process_memory_win.cc(73)] ReadMemory at 0x236f29fc370 of 66 bytes failed: Only part of a ReadProcessMemory or WriteProcessMemory request was completed. (0x12B)
[1228/152907.286:ERROR:process_memory_win.cc(73)] ReadMemory at 0x236f29fc3c0 of 62 bytes failed: Only part of a ReadProcessMemory or WriteProcessMemory request was completed. (0x12B)
[1228/152907.286:ERROR:process_memory_win.cc(73)] ReadMemory at 0x236f29fc410 of 60 bytes failed: Only part of a ReadProcessMemory or WriteProcessMemory request was completed. (0x12B)
[1228/152907.286:ERROR:process_memory_win.cc(73)] ReadMemory at 0x236f29fc460 of 62 bytes failed: Only part of a ReadProcessMemory or WriteProcessMemory request was completed. (0x12B)
[1228/152907.286:ERROR:process_memory_win.cc(73)] ReadMemory at 0x236f29fc500 of 64 bytes failed: Only part of a ReadProcessMemory or WriteProcessMemory request was completed. (0x12B)
[1228/152907.286:ERROR:process_memory_win.cc(73)] ReadMemory at 0x236f29fc550 of 64 bytes failed: Only part of a ReadProcessMemory or WriteProcessMemory request was completed. (0x12B)
[1228/152907.286:ERROR:process_memory_win.cc(73)] ReadMemory at 0x236f29fc5a0 of 62 bytes failed: Only part of a ReadProcessMemory or WriteProcessMemory request was completed. (0x12B)
[1228/152907.286:ERROR:process_memory_win.cc(73)] ReadMemory at 0x236f29fe4f0 of 132 bytes failed: Only part of a ReadProcessMemory or WriteProcessMemory request was completed. (0x12B)
[1228/152907.286:ERROR:process_memory_win.cc(73)] ReadMemory at 0x236f29febe0 of 132 bytes failed: Only part of a ReadProcessMemory or WriteProcessMemory request was completed. (0x12B)
[1228/152907.287:ERROR:process_memory_win.cc(73)] ReadMemory at 0x236f29fed10 of 132 bytes failed: Only part of a ReadProcessMemory or WriteProcessMemory request was completed. (0x12B)
[1228/152907.287:ERROR:process_memory_win.cc(73)] ReadMemory at 0x236f29ffcb0 of 54 bytes failed: Only part of a ReadProcessMemory or WriteProcessMemory request was completed. (0x12B)
[1228/152907.287:ERROR:process_memory_win.cc(73)] ReadMemory at 0x236f2a04510 of 132 bytes failed: Only part of a ReadProcessMemory or WriteProcessMemory request was completed. (0x12B)
[1228/152907.287:ERROR:process_memory_win.cc(73)] ReadMemory at 0x236f2a048c0 of 132 bytes failed: Only part of a ReadProcessMemory or WriteProcessMemory request was completed. (0x12B)
[1228/152907.287:ERROR:process_memory_win.cc(73)] ReadMemory at 0x236f2a04c30 of 132 bytes failed: Only part of a ReadProcessMemory or WriteProcessMemory request was completed. (0x12B)
[1228/152907.287:ERROR:process_memory_win.cc(73)] ReadMemory at 0x236f2a04d60 of 132 bytes failed: Only part of a ReadProcessMemory or WriteProcessMemory request was completed. (0x12B)
[1228/152907.287:ERROR:process_memory_win.cc(73)] ReadMemory at 0x236f2a04e90 of 132 bytes failed: Only part of a ReadProcessMemory or WriteProcessMemory request was completed. (0x12B)
[1228/152907.287:ERROR:process_memory_win.cc(73)] ReadMemory at 0x236f2a04fc0 of 132 bytes failed: Only part of a ReadProcessMemory or WriteProcessMemory request was completed. (0x12B)
[1228/152907.287:ERROR:process_memory_win.cc(73)] ReadMemory at 0x236f2a050f0 of 132 bytes failed: Only part of a ReadProcessMemory or WriteProcessMemory request was completed. (0x12B)
[1228/152907.287:ERROR:process_memory_win.cc(73)] ReadMemory at 0x236f2a05220 of 132 bytes failed: Only part of a ReadProcessMemory or WriteProcessMemory request was completed. (0x12B)
[1228/152907.287:ERROR:process_memory_win.cc(73)] ReadMemory at 0x236f2a05350 of 132 bytes failed: Only part of a ReadProcessMemory or WriteProcessMemory request was completed. (0x12B)
[1228/152907.287:ERROR:process_memory_win.cc(73)] ReadMemory at 0x236f2a05480 of 132 bytes failed: Only part of a ReadProcessMemory or WriteProcessMemory request was completed. (0x12B)
[1228/152907.287:ERROR:process_memory_win.cc(73)] ReadMemory at 0x236f2a055b0 of 132 bytes failed: Only part of a ReadProcessMemory or WriteProcessMemory request was completed. (0x12B)
[1228/152907.288:ERROR:process_memory_win.cc(73)] ReadMemory at 0x236f2a056e0 of 132 bytes failed: Only part of a ReadProcessMemory or WriteProcessMemory request was completed. (0x12B)
[1228/152907.288:ERROR:process_memory_win.cc(73)] ReadMemory at 0x236f2a05810 of 132 bytes failed: Only part of a ReadProcessMemory or WriteProcessMemory request was completed. (0x12B)
[1228/152907.288:ERROR:process_memory_win.cc(73)] ReadMemory at 0x236f2a05a70 of 132 bytes failed: Only part of a ReadProcessMemory or WriteProcessMemory request was completed. (0x12B)
[1228/152907.288:ERROR:process_memory_win.cc(73)] ReadMemory at 0x236f2a065d0 of 76 bytes failed: Only part of a ReadProcessMemory or WriteProcessMemory request was completed. (0x12B)
[1228/152907.288:ERROR:process_memory_win.cc(73)] ReadMemory at 0x236f2a06bd0 of 78 bytes failed: Only part of a ReadProcessMemory or WriteProcessMemory request was completed. (0x12B)
[1228/152907.288:ERROR:process_memory_win.cc(73)] ReadMemory at 0x236f2a06fe0 of 132 bytes failed: Only part of a ReadProcessMemory or WriteProcessMemory request was completed. (0x12B)
[1228/152907.288:ERROR:process_memory_win.cc(73)] ReadMemory at 0x236f2a07110 of 132 bytes failed: Only part of a ReadProcessMemory or WriteProcessMemory request was completed. (0x12B)
[1228/152907.288:ERROR:process_memory_win.cc(73)] ReadMemory at 0x236f2a07240 of 132 bytes failed: Only part of a ReadProcessMemory or WriteProcessMemory request was completed. (0x12B)
[1228/152907.288:ERROR:process_memory_win.cc(73)] ReadMemory at 0x236f2a07370 of 132 bytes failed: Only part of a ReadProcessMemory or WriteProcessMemory request was completed. (0x12B)
[1228/152907.289:ERROR:process_memory_win.cc(73)] ReadMemory at 0x236f2a074a0 of 132 bytes failed: Only part of a ReadProcessMemory or WriteProcessMemory request was completed. (0x12B)
[1228/152907.289:ERROR:process_memory_win.cc(73)] ReadMemory at 0x236f2a07830 of 132 bytes failed: Only part of a ReadProcessMemory or WriteProcessMemory request was completed. (0x12B)
[1228/152907.289:ERROR:process_memory_win.cc(73)] ReadMemory at 0x236f2a07960 of 132 bytes failed: Only part of a ReadProcessMemory or WriteProcessMemory request was completed. (0x12B)
[1228/152907.289:ERROR:process_memory_win.cc(73)] ReadMemory at 0x236f2a07e20 of 132 bytes failed: Only part of a ReadProcessMemory or WriteProcessMemory request was completed. (0x12B)
[1228/152907.289:ERROR:process_memory_win.cc(73)] ReadMemory at 0x236f2a081b0 of 132 bytes failed: Only part of a ReadProcessMemory or WriteProcessMemory request was completed. (0x12B)
[1228/152907.289:ERROR:process_memory_win.cc(73)] ReadMemory at 0x236f2a082e0 of 132 bytes failed: Only part of a ReadProcessMemory or WriteProcessMemory request was completed. (0x12B)
[1228/152907.289:ERROR:process_memory_win.cc(73)] ReadMemory at 0x236f2a08410 of 132 bytes failed: Only part of a ReadProcessMemory or WriteProcessMemory request was completed. (0x12B)
[1228/152907.289:ERROR:process_memory_win.cc(73)] ReadMemory at 0x236f2a08540 of 132 bytes failed: Only part of a ReadProcessMemory or WriteProcessMemory request was completed. (0x12B)
[1228/152907.289:ERROR:process_memory_win.cc(73)] ReadMemory at 0x236f2a08670 of 132 bytes failed: Only part of a ReadProcessMemory or WriteProcessMemory request was completed. (0x12B)
[1228/152907.289:ERROR:process_memory_win.cc(73)] ReadMemory at 0x236f2a087a0 of 132 bytes failed: Only part of a ReadProcessMemory or WriteProcessMemory request was completed. (0x12B)
[1228/152907.289:ERROR:process_memory_win.cc(73)] ReadMemory at 0x236f2a088d0 of 132 bytes failed: Only part of a ReadProcessMemory or WriteProcessMemory request was completed. (0x12B)
[1228/152907.289:ERROR:process_memory_win.cc(73)] ReadMemory at 0x236f2a08a00 of 132 bytes failed: Only part of a ReadProcessMemory or WriteProcessMemory request was completed. (0x12B)
[1228/152907.289:ERROR:process_memory_win.cc(73)] ReadMemory at 0x236f2a08b30 of 132 bytes failed: Only part of a ReadProcessMemory or WriteProcessMemory request was completed. (0x12B)
[1228/152907.289:ERROR:process_memory_win.cc(73)] ReadMemory at 0x236f2a08c60 of 132 bytes failed: Only part of a ReadProcessMemory or WriteProcessMemory request was completed. (0x12B)
[1228/152907.289:ERROR:process_memory_win.cc(73)] ReadMemory at 0x236f2a08d90 of 132 bytes failed: Only part of a ReadProcessMemory or WriteProcessMemory request was completed. (0x12B)
[1228/152907.289:ERROR:process_memory_win.cc(73)] ReadMemory at 0x236f2a13430 of 64 bytes failed: Only part of a ReadProcessMemory or WriteProcessMemory request was completed. (0x12B)
[1228/152907.289:ERROR:process_memory_win.cc(73)] ReadMemory at 0x236f2a13480 of 62 bytes failed: Only part of a ReadProcessMemory or WriteProcessMemory request was completed. (0x12B)
[1228/152907.289:ERROR:process_memory_win.cc(73)] ReadMemory at 0x236f2a13610 of 62 bytes failed: Only part of a ReadProcessMemory or WriteProcessMemory request was completed. (0x12B)
[1228/152907.290:ERROR:process_memory_win.cc(73)] ReadMemory at 0x236f2a13750 of 66 bytes failed: Only part of a ReadProcessMemory or WriteProcessMemory request was completed. (0x12B)
[1228/152907.290:ERROR:process_memory_win.cc(73)] ReadMemory at 0x236f2a137f0 of 60 bytes failed: Only part of a ReadProcessMemory or WriteProcessMemory request was completed. (0x12B)
[1228/152907.290:ERROR:process_memory_win.cc(73)] ReadMemory at 0x236f2a13980 of 62 bytes failed: Only part of a ReadProcessMemory or WriteProcessMemory request was completed. (0x12B)
[1228/152907.290:ERROR:process_memory_win.cc(73)] ReadMemory at 0x236f2a13a20 of 60 bytes failed: Only part of a ReadProcessMemory or WriteProcessMemory request was completed. (0x12B)
[1228/152907.290:ERROR:process_memory_win.cc(73)] ReadMemory at 0x236f2a13d40 of 58 bytes failed: Only part of a ReadProcessMemory or WriteProcessMemory request was completed. (0x12B)
[1228/152907.290:ERROR:process_memory_win.cc(73)] ReadMemory at 0x236f2a13de0 of 58 bytes failed: Only part of a ReadProcessMemory or WriteProcessMemory request was completed. (0x12B)
[1228/152907.290:ERROR:process_memory_win.cc(73)] ReadMemory at 0x236f2a23e20 of 512 bytes failed: Only part of a ReadProcessMemory or WriteProcessMemory request was completed. (0x12B)
[1228/152907.290:ERROR:process_memory_win.cc(73)] ReadMemory at 0x236f2a272a0 of 512 bytes failed: Only part of a ReadProcessMemory or WriteProcessMemory request was completed. (0x12B)
[1228/152907.290:ERROR:process_memory_win.cc(73)] ReadMemory at 0x236f2db5d00 of 512 bytes failed: Only part of a ReadProcessMemory or WriteProcessMemory request was completed. (0x12B)
[1228/152907.290:ERROR:process_memory_win.cc(73)] ReadMemory at 0x236f2db61e0 of 512 bytes failed: Only part of a ReadProcessMemory or WriteProcessMemory request was completed. (0x12B)
[1228/152907.290:ERROR:process_memory_win.cc(73)] ReadMemory at 0x236f2dc39c0 of 512 bytes failed: Only part of a ReadProcessMemory or WriteProcessMemory request was completed. (0x12B)
[1228/152907.290:ERROR:process_memory_win.cc(73)] ReadMemory at 0x236f2dd3a60 of 712 bytes failed: Only part of a ReadProcessMemory or WriteProcessMemory request was completed. (0x12B)
[1228/152907.290:ERROR:process_memory_win.cc(73)] ReadMemory at 0x236f2de0660 of 512 bytes failed: Only part of a ReadProcessMemory or WriteProcessMemory request was completed. (0x12B)
[1228/152907.290:ERROR:process_memory_win.cc(73)] ReadMemory at 0x236f2de1640 of 704 bytes failed: Only part of a ReadProcessMemory or WriteProcessMemory request was completed. (0x12B)
[1228/152907.290:ERROR:process_memory_win.cc(73)] ReadMemory at 0x236f2de1d81 of 591 bytes failed: Only part of a ReadProcessMemory or WriteProcessMemory request was completed. (0x12B)
[1228/152907.290:ERROR:process_memory_win.cc(73)] ReadMemory at 0x236f2debf98 of 512 bytes failed: Only part of a ReadProcessMemory or WriteProcessMemory request was completed. (0x12B)
[1228/152907.291:ERROR:process_memory_win.cc(73)] ReadMemory at 0x236f2dec778 of 512 bytes failed: Only part of a ReadProcessMemory or WriteProcessMemory request was completed. (0x12B)
[1228/152907.291:ERROR:process_memory_win.cc(73)] ReadMemory at 0x236f2decfe8 of 512 bytes failed: Only part of a ReadProcessMemory or WriteProcessMemory request was completed. (0x12B)
[1228/152907.291:ERROR:process_memory_win.cc(73)] ReadMemory at 0x236f2e72d58 of 512 bytes failed: Only part of a ReadProcessMemory or WriteProcessMemory request was completed. (0x12B)
[1228/152907.291:ERROR:process_memory_win.cc(73)] ReadMemory at 0x236f4e281b0 of 512 bytes failed: Only part of a ReadProcessMemory or WriteProcessMemory request was completed. (0x12B)
[1228/152907.291:ERROR:process_memory_win.cc(73)] ReadMemory at 0x236f4f0f440 of 512 bytes failed: Only part of a ReadProcessMemory or WriteProcessMemory request was completed. (0x12B)
[1228/152907.291:ERROR:process_memory_win.cc(73)] ReadMemory at 0x236f4f1c540 of 512 bytes failed: Only part of a ReadProcessMemory or WriteProcessMemory request was completed. (0x12B)
[1228/152907.291:ERROR:process_memory_win.cc(73)] ReadMemory at 0x236f4f33a90 of 512 bytes failed: Only part of a ReadProcessMemory or WriteProcessMemory request was completed. (0x12B)
[1228/152907.291:ERROR:process_memory_win.cc(73)] ReadMemory at 0x236f53c0000 of 384 bytes failed: Only part of a ReadProcessMemory or WriteProcessMemory request was completed. (0x12B)
[1228/152907.291:ERROR:process_memory_win.cc(73)] ReadMemory at 0x236f576e140 of 512 bytes failed: Only part of a ReadProcessMemory or WriteProcessMemory request was completed. (0x12B)
[1228/152907.291:ERROR:process_memory_win.cc(73)] ReadMemory at 0x236f65a1bb0 of 512 bytes failed: Only part of a ReadProcessMemory or WriteProcessMemory request was completed. (0x12B)
[1228/152907.292:ERROR:process_memory_win.cc(73)] ReadMemory at 0x236f65a3a18 of 512 bytes failed: Only part of a ReadProcessMemory or WriteProcessMemory request was completed. (0x12B)
[1228/152907.292:ERROR:process_memory_win.cc(73)] ReadMemory at 0x236f6615aa0 of 512 bytes failed: Only part of a ReadProcessMemory or WriteProcessMemory request was completed. (0x12B)
[1228/152907.292:ERROR:process_memory_win.cc(73)] ReadMemory at 0x2d095e3804b1 of 512 bytes failed: Only part of a ReadProcessMemory or WriteProcessMemory request was completed. (0x12B)
[1228/152907.292:ERROR:process_memory_win.cc(73)] ReadMemory at 0x2d095e388e80 of 512 bytes failed: Only part of a ReadProcessMemory or WriteProcessMemory request was completed. (0x12B)
[1228/152907.292:ERROR:process_memory_win.cc(73)] ReadMemory at 0x33c18f365c89 of 512 bytes failed: Only part of a ReadProcessMemory or WriteProcessMemory request was completed. (0x12B)
[1228/152907.292:ERROR:process_memory_win.cc(73)] ReadMemory at 0x7ffc7b5d6002 of 512 bytes failed: Only part of a ReadProcessMemory or WriteProcessMemory request was completed. (0x12B)
[1228/152907.292:ERROR:process_memory_win.cc(73)] ReadMemory at 0x7ffc7c3637db of 512 bytes failed: Only part of a ReadProcessMemory or WriteProcessMemory request was completed. (0x12B)
[1228/152907.292:ERROR:process_memory_win.cc(73)] ReadMemory at 0x7ffc7d05eeac of 512 bytes failed: Only part of a ReadProcessMemory or WriteProcessMemory request was completed. (0x12B)
[1228/152907.292:ERROR:process_memory_win.cc(73)] ReadMemory at 0x7ffc7d32407e of 512 bytes failed: Only part of a ReadProcessMemory or WriteProcessMemory request was completed. (0x12B)
[1228/152907.292:ERROR:process_memory_win.cc(73)] ReadMemory at 0x7ffc80635381 of 512 bytes failed: Only part of a ReadProcessMemory or WriteProcessMemory request was completed. (0x12B)
[1228/152907.292:ERROR:process_memory_win.cc(73)] ReadMemory at 0x7ffca69bbab0 of 512 bytes failed: Only part of a ReadProcessMemory or WriteProcessMemory request was completed. (0x12B)
[1228/152907.292:ERROR:process_memory_win.cc(73)] ReadMemory at 0x7ffcdab590d9 of 512 bytes failed: Only part of a ReadProcessMemory or WriteProcessMemory request was completed. (0x12B)
[1228/152907.293:ERROR:process_memory_win.cc(73)] ReadMemory at 0x7ffcdeaaff00 of 512 bytes failed: Only part of a ReadProcessMemory or WriteProcessMemory request was completed. (0x12B)
[1228/152907.293:ERROR:process_memory_win.cc(73)] ReadMemory at 0x7ffcdeaff764 of 832 bytes failed: Only part of a ReadProcessMemory or WriteProcessMemory request was completed. (0x12B)
[1228/152907.293:ERROR:process_memory_win.cc(73)] ReadMemory at 0x7ffcdeb02ff4 of 608 bytes failed: Only part of a ReadProcessMemory or WriteProcessMemory request was completed. (0x12B)
[1228/152907.293:ERROR:process_memory_win.cc(73)] ReadMemory at 0x7ffcdeb8c0c8 of 18 bytes failed: Only part of a ReadProcessMemory or WriteProcessMemory request was completed. (0x12B)
[1228/152907.293:ERROR:process_memory_win.cc(73)] ReadMemory at 0x7ffcdebbf4f8 of 40 bytes failed: Only part of a ReadProcessMemory or WriteProcessMemory request was completed. (0x12B)
[1228/152907.293:ERROR:process_memory_win.cc(73)] ReadMemory at 0x7ffcdebbf978 of 48 bytes failed: Only part of a ReadProcessMemory or WriteProcessMemory request was completed. (0x12B)
[1228/152907.293:ERROR:process_memory_win.cc(73)] ReadMemory at 0x7ffcdebc53a0 of 64 bytes failed: Only part of a ReadProcessMemory or WriteProcessMemory request was completed. (0x12B)
[1228/152907.294:ERROR:scoped_process_suspend.cc(40)] NtResumeProcess: An attempt was made to access an exiting process. (0xc000010a)
